Error at file 'player.asm' line 7: syntax error
Error at file 'player.asm' line 8: syntax error
Error at file 'player.asm' line 10: syntax error
Error at file 'player.asm' line 11: syntax error
Error at file 'player.asm' line 50: syntax error in expression
Error at file 'player.asm' line 50: expected constant expression
Error at file 'player.asm' line 57: syntax error in expression
Error at file 'player.asm' line 59: syntax error
Error at file 'player.asm' line 60: syntax error
Error at file 'player.asm' line 91: syntax error
Error at file 'player.asm' line 104: syntax error
Error at file 'player.asm' line 105: syntax error
Error at file 'player.asm' line 106: syntax error
Error at file 'player.asm' line 107: syntax error
Error at file 'player.asm' line 108: syntax error
Error at file 'player.asm' line 109: syntax error
Error at file 'player.asm' line 110: syntax error
Error at file 'player.asm' line 111: syntax error
Error at file 'player.asm' line 112: syntax error
Error at file 'player.asm' line 113: syntax error
Error at file 'player.asm' line 114: syntax error
Error at file 'player.asm' line 115: syntax error
Error at file 'player.asm' line 116: syntax error
Error at file 'player.asm' line 117: syntax error
Error at file 'player.asm' line 118: syntax error
Error at file 'player.asm' line 119: syntax error
Error at file 'player.asm' line 120: syntax error
Error at file 'player.asm' line 121: syntax error
Error at file 'player.asm' line 122: syntax error
Error at file 'player.asm' line 123: syntax error
Error at file 'player.asm' line 133: syntax error
Error at file 'player.asm' line 138: syntax error
Error at file 'player.asm' line 166: syntax error
Error at file 'player.asm' line 174: syntax error
Error at file 'player.asm' line 215: syntax error in expression
Error at file 'player.asm' line 219: syntax error
Error at file 'player.asm' line 221: syntax error
Error at file 'player.asm' line 229: syntax error
Error at file 'player.asm' line 231: syntax error in expression
Error at file 'player.asm' line 234: syntax error
Error at file 'player.asm' line 237: syntax error in expression
Error at file 'player.asm' line 244: syntax error
Error at file 'player.asm' line 292: syntax error
Error at file 'player.asm' line 294: syntax error in expression
Error at file 'player.asm' line 297: syntax error
Error at file 'player.asm' line 300: syntax error in expression
Error at file 'player.asm' line 303: syntax error in expression
Error at file 'player.asm' line 306: syntax error
Error at file 'player.asm' line 316: syntax error
Error at file 'player.asm' line 326: syntax error
Error at file 'player.asm' line 333: syntax error
Error at file 'player.asm' line 340: syntax error in expression
Error at file 'player.asm' line 368: syntax error in expression
Error at file 'player.asm' line 369: syntax error
Error at file 'player.asm' line 370: syntax error
Error at file 'player.asm' line 371: syntax error
Error at file 'player.asm' line 373: syntax error
Error at file 'player.asm' line 374: syntax error
Error at file 'player.asm' line 375: syntax error
Error at file 'player.asm' line 393: syntax error in expression
Error at file 'player.asm' line 410: syntax error
Error at file 'player.asm' line 422: syntax error
Error at file 'player.asm' line 425: syntax error
Error at file 'player.asm' line 426: syntax error in expression
Error at file 'player.asm' line 452: syntax error in expression
Error at file 'player.asm' line 453: syntax error
Error at file 'player.asm' line 455: syntax error
Error at file 'player.asm' line 468: syntax error
Error at file 'player.asm' line 475: syntax error
Error at file 'player.asm' line 484: syntax error in expression
Error at file 'player.asm' line 487: syntax error in expression
Error at file 'player.asm' line 492: syntax error
Error at file 'player.asm' line 497: syntax error
Error at file 'player.asm' line 498: syntax error
Error at file 'player.asm' line 505: syntax error in expression
Error at file 'player.asm' line 506: syntax error
Error at file 'player.asm' line 508: syntax error
Error at file 'player.asm' line 509: syntax error
Error at file 'player.asm' line 519: syntax error in expression
Error at file 'player.asm' line 522: syntax error
Error at file 'player.asm' line 528: syntax error
Error at file 'player.asm' line 534: syntax error
Error at file 'player.asm' line 535: syntax error in expression
Error at file 'player.asm' line 538: syntax error
Error at file 'player.asm' line 542: syntax error
Error at file 'player.asm' line 543: syntax error
Error at file 'player.asm' line 546: syntax error
Error at file 'player.asm' line 547: syntax error
Error at file 'player.asm' line 558: syntax error
Error at file 'player.asm' line 562: syntax error
Error at file 'player.asm' line 564: syntax error
Error at file 'player.asm' line 567: syntax error
Error at file 'player.asm' line 572: syntax error
Error at file 'player.asm' line 575: syntax error
Error at file 'player.asm' line 579: syntax error
Error at file 'player.asm' line 580: syntax error
Error at file 'player.asm' line 582: syntax error
Error at file 'player.asm' line 583: syntax error
Error at file 'player.asm' line 586: syntax error
Error at file 'player.asm' line 589: syntax error
Error at file 'player.asm' line 593: syntax error
Error at file 'player.asm' line 596: syntax error
Error at file 'player.asm' line 599: syntax error
Error at file 'player.asm' line 602: syntax error in expression
Error at file 'player.asm' line 612: syntax error in expression
Error at file 'player.asm' line 614: syntax error in expression
Error at file 'player.asm' line 616: syntax error in expression
Error at file 'player.asm' line 628: syntax error
Error at file 'player.asm' line 631: syntax error
Error at file 'player.asm' line 632: syntax error
Error at file 'player.asm' line 640: syntax error
Error at file 'player.asm' line 641: syntax error
Error at file 'player.asm' line 644: syntax error
Error at file 'player.asm' line 645: syntax error
Error at file 'player.asm' line 648: syntax error
Error at file 'player.asm' line 650: syntax error
Error at file 'player.asm' line 652: syntax error
Error at file 'player.asm' line 654: syntax error
Error at file 'player.asm' line 655: syntax error
Error at file 'player.asm' line 658: syntax error
Error at file 'player.asm' line 668: syntax error
Error at file 'player.asm' line 669: syntax error
Error at file 'player.asm' line 670: syntax error
Error at file 'player.asm' line 674: syntax error
Error at file 'player.asm' line 675: syntax error
Error at file 'player.asm' line 676: syntax error
Error at file 'player.asm' line 677: syntax error
Error at file 'player.asm' line 678: syntax error
Error at file 'player.asm' line 682: syntax error
Error at file 'player.asm' line 683: syntax error
Error at file 'player.asm' line 685: syntax error
Error at file 'player.asm' line 690: syntax error
Error at file 'player.asm' line 694: syntax error
Error at file 'player.asm' line 699: syntax error
Error at file 'player.asm' line 702: syntax error
Error at file 'player.asm' line 703: syntax error
Error at file 'player.asm' line 704: syntax error
Error at file 'player.asm' line 707: syntax error
Error at file 'player.asm' line 712: syntax error
Error at file 'player.asm' line 715: syntax error
Error at file 'player.asm' line 719: syntax error
Error at file 'player.asm' line 723: syntax error
Error at file 'player.asm' line 724: syntax error
Error at file 'player.asm' line 725: syntax error
Error at file 'player.asm' line 729: syntax error
Error at file 'player.asm' line 730: syntax error
Error at file 'player.asm' line 732: syntax error
Error at file 'player.asm' line 733: syntax error
Error at file 'player.asm' line 736: syntax error
Error at file 'player.asm' line 737: syntax error in expression
Error at file 'player.asm' line 738: syntax error
Error at file 'player.asm' line 762: syntax error
Error at file 'player.asm' line 770: syntax error
Error at file 'player.asm' line 774: syntax error
Error at file 'player.asm' line 775: syntax error
Error at file 'player.asm' line 778: syntax error
Error at file 'player.asm' line 779: syntax error
Error at file 'player.asm' line 780: syntax error
Error at file 'player.asm' line 783: syntax error
Error at file 'player.asm' line 794: syntax error
Error at file 'player.asm' line 795: syntax error in expression
Error at file 'player.asm' line 797: syntax error
Error at file 'player.asm' line 798: syntax error
Error at file 'player.asm' line 799: syntax error
Error at file 'player.asm' line 802: syntax error
Error at file 'player.asm' line 817: syntax error
Error at file 'player.asm' line 818: syntax error
Error at file 'player.asm' line 823: syntax error
Error at file 'player.asm' line 824: syntax error
Error at file 'player.asm' line 825: syntax error
Error at file 'player.asm' line 826: syntax error
Error at file 'player.asm' line 829: syntax error
Error at file 'player.asm' line 830: syntax error
Error at file 'player.asm' line 840: syntax error
Error at file 'player.asm' line 841: syntax error
Error at file 'player.asm' line 842: syntax error
Error at file 'player.asm' line 852: syntax error
Error at file 'player.asm' line 853: syntax error
Error at file 'player.asm' line 855: syntax error
Error at file 'player.asm' line 856: syntax error
Error at file 'player.asm' line 857: syntax error
Error at file 'player.asm' line 860: syntax error
Error at file 'player.asm' line 861: syntax error in expression
Error at file 'player.asm' line 862: syntax error
Error at file 'player.asm' line 863: syntax error
Error at file 'player.asm' line 864: syntax error
Error at file 'player.asm' line 865: syntax error
Error at file 'player.asm' line 866: syntax error
Error at file 'player.asm' line 867: syntax error
Error at file 'player.asm' line 871: syntax error
Error at file 'player.asm' line 878: syntax error
Error at file 'player.asm' line 879: syntax error
Error at file 'player.asm' line 881: syntax error
Error at file 'player.asm' line 882: syntax error
Error at file 'player.asm' line 885: syntax error
Error at file 'player.asm' line 886: syntax error
Error at file 'player.asm' line 889: syntax error
Error at file 'player.asm' line 896: syntax error
Error at file 'player.asm' line 897: syntax error
Error at file 'player.asm' line 905: syntax error
Error at file 'player.asm' line 908: syntax error
Error at file 'player.asm' line 911: syntax error
Error at file 'player.asm' line 914: syntax error
Error at file 'player.asm' line 917: syntax error
Error at file 'player.asm' line 920: syntax error
Error at file 'player.asm' line 921: syntax error
Error at file 'player.asm' line 924: syntax error
Error at file 'player.asm' line 926: syntax error
Error at file 'player.asm' line 927: syntax error
Error at file 'player.asm' line 928: syntax error
Error at file 'player.asm' line 931: syntax error
Error at file 'player.asm' line 945: syntax error
Error at file 'player.asm' line 951: syntax error
Error at file 'player.asm' line 952: syntax error
Error at file 'player.asm' line 962: syntax error
Error at file 'player.asm' line 967: syntax error
Error at file 'player.asm' line 970: syntax error
Error at file 'player.asm' line 974: syntax error
Error at file 'player.asm' line 975: syntax error
Error at file 'player.asm' line 976: syntax error
Error at file 'player.asm' line 977: syntax error in expression
Error at file 'player.asm' line 982: syntax error
Error at file 'player.asm' line 983: syntax error
Error at file 'player.asm' line 984: syntax error in expression
Error at file 'player.asm' line 986: syntax error
Error at file 'player.asm' line 987: syntax error
Error at file 'player.asm' line 990: syntax error
Error at file 'player.asm' line 994: syntax error
Error at file 'player.asm' line 995: syntax error
Error at file 'player.asm' line 996: syntax error in expression
Error at file 'player.asm' line 1001: syntax error
Error at file 'player.asm' line 1002: syntax error
Error at file 'player.asm' line 1003: syntax error in expression
Error at file 'player.asm' line 1005: syntax error
Error at file 'player.asm' line 1006: syntax error
Error at file 'player.asm' line 1010: syntax error
Error at file 'player.asm' line 1028: syntax error
Error at file 'player.asm' line 1031: syntax error
Error at file 'player.asm' line 1035: syntax error
Error at file 'player.asm' line 1036: syntax error
Error at file 'player.asm' line 1040: syntax error
Error at file 'player.asm' line 1045: syntax error
Error at file 'player.asm' line 1048: syntax error
Error at file 'player.asm' line 1050: syntax error
Error at file 'player.asm' line 1051: syntax error
Error at file 'player.asm' line 1052: syntax error
Error at file 'player.asm' line 1056: syntax error
Error at file 'player.asm' line 1060: syntax error
Error at file 'player.asm' line 1063: syntax error
Error at file 'player.asm' line 1064: syntax error
Error at file 'player.asm' line 1068: syntax error
Error at file 'player.asm' line 1071: syntax error
Error at file 'player.asm' line 1079: syntax error
Error at file 'player.asm' line 1082: syntax error
Error at file 'player.asm' line 1084: syntax error
Error at file 'player.asm' line 1085: syntax error
Error at file 'player.asm' line 1091: syntax error
Error at file 'player.asm' line 1104: syntax error
Error at file 'player.asm' line 1114: syntax error
Error at file 'player.asm' line 1117: syntax error
Error at file 'player.asm' line 1118: syntax error
Error at file 'player.asm' line 1119: syntax error
Error at file 'player.asm' line 1123: syntax error
Error at file 'player.asm' line 1124: syntax error
Error at file 'player.asm' line 1125: syntax error
Error at file 'player.asm' line 1136: syntax error
Error at file 'player.asm' line 1137: syntax error
Error at file 'player.asm' line 1139: syntax error
Error at file 'player.asm' line 1140: syntax error in expression
Error at file 'player.asm' line 1143: syntax error
Error at file 'player.asm' line 1145: syntax error
Error at file 'player.asm' line 1147: syntax error
Error at file 'player.asm' line 1148: syntax error
Error at file 'player.asm' line 1149: syntax error
Error at file 'player.asm' line 1150: syntax error
Error at file 'player.asm' line 1153: syntax error
Error at file 'player.asm' line 1154: syntax error
Error at file 'player.asm' line 1155: syntax error
Error at file 'player.asm' line 1157: syntax error
Error at file 'player.asm' line 1158: syntax error
Error at file 'player.asm' line 1162: syntax error
Error at file 'player.asm' line 1165: syntax error
Error at file 'player.asm' line 1166: syntax error
Error at file 'player.asm' line 1168: syntax error
Error at file 'player.asm' line 1169: syntax error
Error at file 'player.asm' line 1170: syntax error
Error at file 'player.asm' line 1171: syntax error
Error at file 'player.asm' line 1172: syntax error
Error at file 'player.asm' line 1181: syntax error
Error at file 'player.asm' line 1185: syntax error
Error at file 'player.asm' line 1186: syntax error
Error at file 'player.asm' line 1187: syntax error
Error at file 'player.asm' line 1194: syntax error
Error at file 'player.asm' line 1198: syntax error
Error at file 'player.asm' line 1199: syntax error
Error at file 'player.asm' line 1206: syntax error
Error at file 'player.asm' line 1209: syntax error
Error at file 'player.asm' line 1210: syntax error
Error at file 'player.asm' line 1220: syntax error
Error at file 'player.asm' line 1223: syntax error
Error at file 'player.asm' line 1224: syntax error
Error at file 'player.asm' line 1229: syntax error
Error at file 'player.asm' line 1231: syntax error
Error at file 'player.asm' line 1235: syntax error
Error at file 'player.asm' line 1236: syntax error
Error at file 'player.asm' line 1239: syntax error in expression
Error at file 'player.asm' line 1240: syntax error
Error at file 'player.asm' line 1247: syntax error
Error at file 'player.asm' line 1249: syntax error
Error at file 'player.asm' line 1251: syntax error
Error at file 'player.asm' line 1252: syntax error
Error at file 'player.asm' line 1254: syntax error
Error at file 'player.asm' line 1256: syntax error
Error at file 'player.asm' line 1257: syntax error
Error at file 'player.asm' line 1258: syntax error
Error at file 'player.asm' line 1261: syntax error
Error at file 'player.asm' line 1272: syntax error
Error at file 'player.asm' line 1275: syntax error
Error at file 'player.asm' line 1276: syntax error
Error at file 'player.asm' line 1277: syntax error in expression
Error at file 'player.asm' line 1283: syntax error
Error at file 'player.asm' line 1284: syntax error
Error at file 'player.asm' line 1285: syntax error in expression
Error at file 'player.asm' line 1295: syntax error
Error at file 'player.asm' line 1296: syntax error
Error at file 'player.asm' line 1297: syntax error in expression
Error at file 'player.asm' line 1300: syntax error
Error at file 'player.asm' line 1304: syntax error
Error at file 'player.asm' line 1318: syntax error
Error at file 'player.asm' line 1319: syntax error
Error at file 'player.asm' line 1320: syntax error in expression
Error at file 'player.asm' line 1322: syntax error
Error at file 'player.asm' line 1323: syntax error
Error at file 'player.asm' line 1324: syntax error in expression
Error at file 'player.asm' line 1337: syntax error
Error at file 'player.asm' line 1338: syntax error in expression
Error at file 'player.asm' line 1339: syntax error
Error at file 'player.asm' line 1346: syntax error
Error at file 'player.asm' line 1347: syntax error
Error at file 'player.asm' line 1351: syntax error
Error at file 'player.asm' line 1352: syntax error
Error at file 'player.asm' line 1353: syntax error in expression
Error at file 'player.asm' line 1357: syntax error
Error at file 'player.asm' line 1358: syntax error
Error at file 'player.asm' line 1362: syntax error
Error at file 'player.asm' line 1363: syntax error
Error at file 'player.asm' line 1364: syntax error in expression
Error at file 'player.asm' line 1368: syntax error
Error at file 'player.asm' line 1369: syntax error
Error at file 'player.asm' line 1370: syntax error
Error at file 'player.asm' line 1371: syntax error
Error at file 'player.asm' line 1374: syntax error
Error at file 'player.asm' line 1397: syntax error
Error at file 'player.asm' line 1398: syntax error
Error at file 'player.asm' line 1399: syntax error
Error at file 'player.asm' line 1416: syntax error
Error at file 'player.asm' line 1417: syntax error
Error at file 'player.asm' line 1418: syntax error
Error at file 'player.asm' line 1420: syntax error
Error at file 'player.asm' line 1421: syntax error
Error at file 'player.asm' line 1422: syntax error in expression
Error at file 'player.asm' line 1426: syntax error
Error at file 'player.asm' line 1428: syntax error in expression
Error at file 'player.asm' line 1430: syntax error
Error at file 'player.asm' line 1432: syntax error in expression
Error at file 'player.asm' line 1434: syntax error in expression
Error at file 'player.asm' line 1443: syntax error in expression
Error at file 'player.asm' line 1447: syntax error
Error at file 'player.asm' line 1465: syntax error
Error at file 'player.asm' line 1467: syntax error
Error at file 'player.asm' line 1468: syntax error in expression
Error at file 'player.asm' line 1469: syntax error in expression
Error at file 'player.asm' line 1470: syntax error
Error at file 'player.asm' line 1471: syntax error
Error at file 'player.asm' line 1472: syntax error
Error at file 'player.asm' line 1473: syntax error in expression
Error at file 'player.asm' line 1474: syntax error
Error at file 'player.asm' line 1475: syntax error
Error at file 'player.asm' line 1476: syntax error in expression
Error at file 'player.asm' line 1477: syntax error
Error at file 'player.asm' line 1478: syntax error
Error at file 'player.asm' line 1479: syntax error
Error at file 'player.asm' line 1480: syntax error
Error at file 'player.asm' line 1481: syntax error
Error at file 'player.asm' line 1482: syntax error
Error at file 'player.asm' line 1483: syntax error
Error at file 'player.asm' line 1484: syntax error
Error at file 'player.asm' line 1485: syntax error
Error at file 'player.asm' line 1486: syntax error in expression
Error at file 'player.asm' line 1488: syntax error
Error at file 'player.asm' line 1489: syntax error
Error at file 'player.asm' line 1494: syntax error
Error at file 'player.asm' line 1495: syntax error
Error at file 'player.asm' line 1496: syntax error
Error at file 'player.asm' line 1497: syntax error
Error at file 'player.asm' line 1498: syntax error
Error at file 'player.asm' line 1499: syntax error
Error at file 'player.asm' line 1500: syntax error
Error at file 'player.asm' line 1501: syntax error
Error at file 'player.asm' line 1502: syntax error
Error at file 'player.asm' line 1503: syntax error
Error at file 'player.asm' line 1504: syntax error
Error at file 'player.asm' line 1505: syntax error
Error at file 'player.asm' line 1506: syntax error
Error at file 'player.asm' line 1507: syntax error
Error at file 'player.asm' line 1508: syntax error
Error at file 'player.asm' line 1509: syntax error
Error at file 'player.asm' line 1510: syntax error
Error at file 'player.asm' line 1511: syntax error
Error at file 'player.asm' line 1512: syntax error
Error at file 'player.asm' line 1513: syntax error
Error at file 'player.asm' line 1514: syntax error
Error at file 'player.asm' line 1515: syntax error
Error at file 'player.asm' line 1516: syntax error
Error at file 'player.asm' line 1517: syntax error
Error at file 'player.asm' line 1518: syntax error
Error at file 'player.asm' line 1519: syntax error
Error at file 'player.asm' line 1520: syntax error in expression
Error at file 'player.asm' line 1521: syntax error
Error at file 'player.asm' line 1522: syntax error
Error at file 'player.asm' line 1523: syntax error
Error at file 'player.asm' line 1524: syntax error
Error at file 'player.asm' line 1525: syntax error
Error at file 'player.asm' line 1526: syntax error
Error at file 'player.asm' line 1527: syntax error
Error at file 'player.asm' line 1528: syntax error
Error at file 'player.asm' line 1529: syntax error
Error at file 'player.asm' line 1530: syntax error
Error at file 'player.asm' line 1531: syntax error
Error at file 'player.asm' line 1532: syntax error
Error at file 'player.asm' line 1533: syntax error
Error at file 'player.asm' line 1534: syntax error
Error at file 'player.asm' line 1535: syntax error
Error at file 'player.asm' line 1536: syntax error
Error at file 'player.asm' line 1537: syntax error
Error at file 'player.asm' line 1538: syntax error
Error at file 'player.asm' line 1539: syntax error
Error at file 'player.asm' line 1540: syntax error
Error at file 'player.asm' line 1541: syntax error
Error at file 'player.asm' line 1542: syntax error
Error at file 'player.asm' line 1543: syntax error
Error at file 'player.asm' line 1548: syntax error
Error at file 'player.asm' line 1551: syntax error
Error at file 'player.asm' line 1553: syntax error
Error at file 'player.asm' line 1555: syntax error
Error at file 'player.asm' line 1557: syntax error
Error at file 'player.asm' line 1559: syntax error
Error at file 'player.asm' line 1561: syntax error
Error at file 'player.asm' line 1563: syntax error
Error at file 'player.asm' line 1565: syntax error
Error at file 'player.asm' line 1567: syntax error
Error at file 'player.asm' line 1569: syntax error
Error at file 'player.asm' line 1573: syntax error
Error at file 'player.asm' line 1577: syntax error
Error at file 'player.asm' line 1579: syntax error
Error at file 'player.asm' line 1581: syntax error
Error at file 'player.asm' line 1583: syntax error
Error at file 'player.asm' line 1585: syntax error
Error at file 'player.asm' line 1587: syntax error
Error at file 'player.asm' line 1589: syntax error
Error at file 'player.asm' line 1591: syntax error
Error at file 'player.asm' line 1594: syntax error
Error at file 'player.asm' line 1596: syntax error
Error at file 'player.asm' line 1598: syntax error
Error at file 'player.asm' line 1600: syntax error
Error at file 'player.asm' line 1602: syntax error
Error at file 'player.asm' line 1604: syntax error
Error at file 'player.asm' line 1606: syntax error
Error at file 'player.asm' line 1607: symbol 'CHP' not defined
Error at file 'player.asm' line 1607: expected constant expression
Error at file 'player.asm' line 1608: syntax error
Error at file 'player.asm' line 1609: symbol 'CHP' not defined
Error at file 'player.asm' line 1609: expected constant expression
Error at file 'player.asm' line 1610: syntax error
Error at file 'player.asm' line 1611: symbol 'CHP' not defined
Error at file 'player.asm' line 1611: expected constant expression
Error at file 'player.asm' line 1614: syntax error
Error at file 'player.asm' line 1616: syntax error
Error at file 'player.asm' line 1618: syntax error
Error at file 'player.asm' line 1620: syntax error
Error at file 'player.asm' line 1621: syntax error
Error at file 'player.asm' line 1623: syntax error
Error at file 'player.asm' line 1626: syntax error
Error at file 'player.asm' line 1628: syntax error
Error at file 'player.asm' line 1631: syntax error
Error at file 'player.asm' line 1632: syntax error
Error at file 'player.asm' line 1634: syntax error
Error at file 'player.asm' line 1635: syntax error
Error at file 'player.asm' line 1637: syntax error
Error at file 'player.asm' line 1638: syntax error
Error at file 'player.asm' line 1639: syntax error
Error at file 'player.asm' line 1640: syntax error
Error at file 'player.asm' line 1641: syntax error
Error at file 'player.asm' line 1642: syntax error
Error at file 'player.asm' line 1643: syntax error
Error at file 'player.asm' line 1644: syntax error
Error at file 'player.asm' line 1645: syntax error
Error at file 'player.asm' line 1646: syntax error
Error at file 'player.asm' line 1647: syntax error
Error at file 'player.asm' line 1648: syntax error
Error at file 'player.asm' line 1649: syntax error
Error at file 'player.asm' line 1650: syntax error
Error at file 'player.asm' line 1651: syntax error
Error at file 'player.asm' line 1652: syntax error
Error at file 'player.asm' line 1654: syntax error
Error at file 'player.asm' line 1655: syntax error
Error at file 'player.asm' line 1657: syntax error
Error at file 'player.asm' line 1661: syntax error
Error at file 'player.asm' line 1662: syntax error
Error at file 'player.asm' line 1664: syntax error
Error at file 'player.asm' line 1665: syntax error
Error at file 'player.asm' line 1667: syntax error
Error at file 'player.asm' line 1668: syntax error
Error at file 'player.asm' line 1671: syntax error
Error at file 'player.asm' line 1673: syntax error
Error at file 'player.asm' line 1688: syntax error
Error at file 'player.asm' line 1690: syntax error
Error at file 'player.asm' line 1692: syntax error
Error at file 'player.asm' line 1695: syntax error
Error at file 'player.asm' line 1706: syntax error
Error at file 'player.asm' line 1717: syntax error
Error at file 'player.asm' line 1718: syntax error
Error at file 'player.asm' line 1771: invalid single quoted character
Error at file 'player.asm' line 1772: syntax error
Error at file 'player.asm' line 1773: syntax error
Error at file 'player.asm' line 52: symbol 'stackpointer2' not defined
Error at file 'player.asm' line 54: symbol 'RAM_DEST' not defined
Error at file 'player.asm' line 64: symbol 'ram_counter' not defined
Error at file 'player.asm' line 66: symbol 'segprint_num' not defined
Error at file 'player.asm' line 67: symbol 'delay2' not defined
Error at file 'player.asm' line 69: symbol 'segprint_num' not defined
Error at file 'player.asm' line 70: symbol 'delay2' not defined
Error at file 'player.asm' line 71: symbol 'inc_ram_counter' not defined
Error at file 'player.asm' line 72: symbol 'ram_counter_segprint' not defined
Error at file 'player.asm' line 73: symbol 'delay2' not defined
Error at file 'player.asm' line 74: symbol 'inc_ram_counter' not defined
Error at file 'player.asm' line 75: symbol 'ram_counter_segprint' not defined
Error at file 'player.asm' line 76: symbol 'delay2' not defined
Error at file 'player.asm' line 77: symbol 'start' not defined
Error at file 'player.asm' line 85: symbol 'START' not defined
Error at file 'player.asm' line 86: symbol 'START' not defined
Error at file 'player.asm' line 92: symbol 'START' not defined
Error at file 'player.asm' line 93: symbol 'pause' not defined
Error at file 'player.asm' line 99: symbol '_LP' not defined
Error at file 'player.asm' line 100: symbol 'endstr' not defined
Error at file 'player.asm' line 102: symbol 'START' not defined
Error at file 'player.asm' line 134: symbol 'MDLADDR' not defined
Error at file 'player.asm' line 135: symbol 'INIT' not defined
Error at file 'player.asm' line 136: symbol 'PLAY' not defined
Error at file 'player.asm' line 137: symbol 'MUTE' not defined
Error at file 'player.asm' line 170: symbol 'AYREGS' not defined
Error at file 'player.asm' line 170: symbol 'AmplA' not defined
Error at file 'player.asm' line 171: symbol 'AYREGS' not defined
Error at file 'player.asm' line 171: symbol 'AmplB' not defined
Error at file 'player.asm' line 172: symbol 'ROUT' not defined
Error at file 'player.asm' line 176: symbol 'inc_ram_counter' not defined
Error at file 'player.asm' line 177: symbol 'ram_counter_segprint' not defined
Error at file 'player.asm' line 178: symbol 'delay2' not defined
Error at file 'player.asm' line 179: symbol 'START' not defined
Error at file 'player.asm' line 181: symbol 'INITPT2' not defined
Error at file 'player.asm' line 183: symbol 'SETMDAD' not defined
Error at file 'player.asm' line 188: symbol 'Delay' not defined
Error at file 'player.asm' line 192: symbol 'CrPsPtr' not defined
Error at file 'player.asm' line 202: symbol 'LPosPtr' not defined
Error at file 'player.asm' line 207: symbol 'PatsPtr' not defined
Error at file 'player.asm' line 210: symbol 'OrnPtrs' not defined
Error at file 'player.asm' line 213: symbol 'SamPtrs' not defined
Error at file 'player.asm' line 216: symbol 'L20' not defined
Error at file 'player.asm' line 218: symbol 'L21' not defined
Error at file 'player.asm' line 222: symbol 'Version' not defined
Error at file 'player.asm' line 230: symbol 'SamCnv' not defined
Error at file 'player.asm' line 232: symbol 'OrnCP' not defined
Error at file 'player.asm' line 233: symbol 'SamCP' not defined
Error at file 'player.asm' line 235: symbol 'OrnLD' not defined
Error at file 'player.asm' line 236: symbol 'SamLD' not defined
Error at file 'player.asm' line 238: symbol 'SamClc2' not defined
Error at file 'player.asm' line 239: symbol 'PT3PD' not defined
Error at file 'player.asm' line 241: symbol 'PT3EMPTYORN' not defined
Error at file 'player.asm' line 242: symbol 'INITCOMMON' not defined
Error at file 'player.asm' line 246: symbol 'Delay' not defined
Error at file 'player.asm' line 254: symbol 'SamPtrs' not defined
Error at file 'player.asm' line 261: symbol 'SETMDAD' not defined
Error at file 'player.asm' line 265: symbol 'OrnPtrs' not defined
Error at file 'player.asm' line 273: symbol 'CrPsPtr' not defined
Error at file 'player.asm' line 283: symbol 'LPosPtr' not defined
Error at file 'player.asm' line 286: symbol 'PatsPtr' not defined
Error at file 'player.asm' line 288: symbol 'Version' not defined
Error at file 'player.asm' line 293: symbol 'SamCnv' not defined
Error at file 'player.asm' line 295: symbol 'OrnCP' not defined
Error at file 'player.asm' line 296: symbol 'SamCP' not defined
Error at file 'player.asm' line 298: symbol 'OrnLD' not defined
Error at file 'player.asm' line 299: symbol 'SamLD' not defined
Error at file 'player.asm' line 301: symbol 'SamClc2' not defined
Error at file 'player.asm' line 302: symbol 'PT2PD' not defined
Error at file 'player.asm' line 304: symbol 'PT2EMPTYORN' not defined
Error at file 'player.asm' line 308: symbol 'PTDECOD' not defined
Error at file 'player.asm' line 309: symbol 'PsCalc' not defined
Error at file 'player.asm' line 314: symbol 'T_PACK' not defined
Error at file 'player.asm' line 315: symbol 'T1_' not defined
Error at file 'player.asm' line 320: symbol 'TP_1' not defined
Error at file 'player.asm' line 325: symbol 'TP_2' not defined
Error at file 'player.asm' line 341: symbol 'TP_0' not defined
Error at file 'player.asm' line 360: symbol 'VARS' not defined
Error at file 'player.asm' line 362: symbol 'VARS' not defined
Error at file 'player.asm' line 363: symbol 'VAR0END' not defined
Error at file 'player.asm' line 363: symbol 'VARS' not defined
Error at file 'player.asm' line 365: symbol 'AdInPtA' not defined
Error at file 'player.asm' line 367: symbol 'DelyCnt' not defined
Error at file 'player.asm' line 383: symbol 'NT_DATA' not defined
Error at file 'player.asm' line 394: symbol 'L3' not defined
Error at file 'player.asm' line 400: symbol 'T_' not defined
Error at file 'player.asm' line 402: symbol 'T_' not defined
Error at file 'player.asm' line 406: symbol 'NT_' not defined
Error at file 'player.asm' line 436: symbol 'L2' not defined
Error at file 'player.asm' line 444: symbol 'L1' not defined
Error at file 'player.asm' line 450: symbol 'TCOLD_1' not defined
Error at file 'player.asm' line 451: symbol 'CORR_1' not defined
Error at file 'player.asm' line 458: symbol 'TC_EXIT' not defined
Error at file 'player.asm' line 465: symbol 'CORR_2' not defined
Error at file 'player.asm' line 473: symbol 'CORR_1' not defined
Error at file 'player.asm' line 488: symbol 'M1' not defined
Error at file 'player.asm' line 493: symbol 'M2' not defined
Error at file 'player.asm' line 495: symbol 'VT_' not defined
Error at file 'player.asm' line 515: symbol 'INITV1' not defined
Error at file 'player.asm' line 520: symbol 'M3' not defined
Error at file 'player.asm' line 524: symbol 'INITV2' not defined
Error at file 'player.asm' line 526: symbol 'ROUT' not defined
Error at file 'player.asm' line 529: symbol 'MODADDR' not defined
Error at file 'player.asm' line 530: symbol 'MDADDR1' not defined
Error at file 'player.asm' line 531: symbol 'MDADDR2' not defined
Error at file 'player.asm' line 539: symbol 'SETSAM' not defined
Error at file 'player.asm' line 540: symbol 'PD2_LOOP' not defined
Error at file 'player.asm' line 544: symbol 'PD2_LOOP' not defined
Error at file 'player.asm' line 548: symbol 'AYREGS' not defined
Error at file 'player.asm' line 548: symbol 'EnvTp' not defined
Error at file 'player.asm' line 555: symbol 'EnvBase' not defined
Error at file 'player.asm' line 556: symbol 'PD2_LOOP' not defined
Error at file 'player.asm' line 559: symbol 'SETORN' not defined
Error at file 'player.asm' line 560: symbol 'PD2_LOOP' not defined
Error at file 'player.asm' line 565: symbol 'PD2_LOOP' not defined
Error at file 'player.asm' line 573: symbol 'PD2_LOOP' not defined
Error at file 'player.asm' line 576: symbol 'C_DELAY' not defined
Error at file 'player.asm' line 577: symbol 'PD2_LOOP' not defined
Error at file 'player.asm' line 591: symbol 'PD2_LP2' not defined
Error at file 'player.asm' line 603: symbol 'PD2_REL' not defined
Error at file 'player.asm' line 604: symbol 'PD2_SAM' not defined
Error at file 'player.asm' line 606: symbol 'PD2_NOTE' not defined
Error at file 'player.asm' line 608: symbol 'PD2_EOff' not defined
Error at file 'player.asm' line 610: symbol 'PD_FIN' not defined
Error at file 'player.asm' line 611: symbol 'PD2_ENV' not defined
Error at file 'player.asm' line 613: symbol 'PD2_ORN' not defined
Error at file 'player.asm' line 615: symbol 'PD2_SKIP' not defined
Error at file 'player.asm' line 617: symbol 'PD2_VOL' not defined
Error at file 'player.asm' line 619: symbol 'PD2_DEL' not defined
Error at file 'player.asm' line 621: symbol 'PD2_GLIS' not defined
Error at file 'player.asm' line 623: symbol 'PD2_PORT' not defined
Error at file 'player.asm' line 625: symbol 'PD2_STOP' not defined
Error at file 'player.asm' line 629: symbol 'PD2_LOOP' not defined
Error at file 'player.asm' line 638: symbol 'PD2_LP2' not defined
Error at file 'player.asm' line 642: symbol 'PD2_LOOP' not defined
Error at file 'player.asm' line 646: symbol 'PD2_EXIT' not defined
Error at file 'player.asm' line 651: symbol 'PrNote' not defined
Error at file 'player.asm' line 657: symbol 'NOGLIS2' not defined
Error at file 'player.asm' line 659: symbol 'NOPORT2' not defined
Error at file 'player.asm' line 660: symbol 'LoStep' not defined
Error at file 'player.asm' line 667: symbol 'SETPORT' not defined
Error at file 'player.asm' line 679: symbol 'PD_FIN' not defined
Error at file 'player.asm' line 684: symbol 'SETORN' not defined
Error at file 'player.asm' line 691: symbol 'SETSAM' not defined
Error at file 'player.asm' line 692: symbol 'PD_LOOP' not defined
Error at file 'player.asm' line 700: symbol 'PD_LP2' not defined
Error at file 'player.asm' line 705: symbol 'PD_LP2' not defined
Error at file 'player.asm' line 709: symbol 'PD_ENV' not defined
Error at file 'player.asm' line 713: symbol 'PD_LP2' not defined
Error at file 'player.asm' line 716: symbol 'SETENV' not defined
Error at file 'player.asm' line 717: symbol 'PD_LP2' not defined
Error at file 'player.asm' line 720: symbol 'SETORN' not defined
Error at file 'player.asm' line 721: symbol 'PD_LOOP' not defined
Error at file 'player.asm' line 726: symbol 'SETENV' not defined
Error at file 'player.asm' line 727: symbol 'PD_SAM_' not defined
Error at file 'player.asm' line 731: symbol 'PrNote' not defined
Error at file 'player.asm' line 734: symbol 'PrSlide' not defined
Error at file 'player.asm' line 742: symbol 'PD_OrSm' not defined
Error at file 'player.asm' line 744: symbol 'PD_FIN' not defined
Error at file 'player.asm' line 745: symbol 'PD_SAM' not defined
Error at file 'player.asm' line 747: symbol 'PD_REL' not defined
Error at file 'player.asm' line 748: symbol 'PD_VOL' not defined
Error at file 'player.asm' line 750: symbol 'PD_EOff' not defined
Error at file 'player.asm' line 751: symbol 'PD_SorE' not defined
Error at file 'player.asm' line 753: symbol 'PD_NOTE' not defined
Error at file 'player.asm' line 755: symbol 'PD_ORN' not defined
Error at file 'player.asm' line 757: symbol 'PD_NOIS' not defined
Error at file 'player.asm' line 759: symbol 'PD_ESAM' not defined
Error at file 'player.asm' line 768: symbol 'PD_LOOP' not defined
Error at file 'player.asm' line 771: symbol 'Ns_Base' not defined
Error at file 'player.asm' line 772: symbol 'PD_LP2' not defined
Error at file 'player.asm' line 776: symbol 'PD_RES' not defined
Error at file 'player.asm' line 784: symbol 'PDSP_' not defined
Error at file 'player.asm' line 812: symbol 'LoStep' not defined
Error at file 'player.asm' line 828: symbol 'NT_' not defined
Error at file 'player.asm' line 859: symbol 'OLDPRTM' not defined
Error at file 'player.asm' line 869: symbol 'NOSIG' not defined
Error at file 'player.asm' line 873: symbol 'SET_STP' not defined
Error at file 'player.asm' line 891: symbol 'GL36' not defined
Error at file 'player.asm' line 892: symbol 'Version' not defined
Error at file 'player.asm' line 903: symbol 'SET_STP' not defined
Error at file 'player.asm' line 934: symbol 'Env_Del' not defined
Error at file 'player.asm' line 935: symbol 'CurEDel' not defined
Error at file 'player.asm' line 942: symbol 'ESldAdd' not defined
Error at file 'player.asm' line 948: symbol 'Delay' not defined
Error at file 'player.asm' line 953: symbol 'AYREGS' not defined
Error at file 'player.asm' line 953: symbol 'EnvTp' not defined
Error at file 'player.asm' line 960: symbol 'EnvBase' not defined
Error at file 'player.asm' line 963: symbol 'CurEDel' not defined
Error at file 'player.asm' line 966: symbol 'CurESld' not defined
Error at file 'player.asm' line 1011: symbol 'C_NOP' not defined
Error at file 'player.asm' line 1012: symbol 'C_GLISS' not defined
Error at file 'player.asm' line 1013: symbol 'C_PORTM' not defined
Error at file 'player.asm' line 1014: symbol 'C_SMPOS' not defined
Error at file 'player.asm' line 1015: symbol 'C_ORPOS' not defined
Error at file 'player.asm' line 1016: symbol 'C_VIBRT' not defined
Error at file 'player.asm' line 1017: symbol 'C_NOP' not defined
Error at file 'player.asm' line 1018: symbol 'C_NOP' not defined
Error at file 'player.asm' line 1019: symbol 'C_ENGLS' not defined
Error at file 'player.asm' line 1020: symbol 'C_DELAY' not defined
Error at file 'player.asm' line 1021: symbol 'C_NOP' not defined
Error at file 'player.asm' line 1022: symbol 'C_NOP' not defined
Error at file 'player.asm' line 1023: symbol 'C_NOP' not defined
Error at file 'player.asm' line 1024: symbol 'C_NOP' not defined
Error at file 'player.asm' line 1025: symbol 'C_NOP' not defined
Error at file 'player.asm' line 1026: symbol 'C_NOP' not defined
Error at file 'player.asm' line 1030: symbol 'Ampl' not defined
Error at file 'player.asm' line 1033: symbol 'CH_EXIT' not defined
Error at file 'player.asm' line 1034: symbol 'CSP_' not defined
Error at file 'player.asm' line 1047: symbol 'CH_ORPS' not defined
Error at file 'player.asm' line 1054: symbol 'CH_NTP' not defined
Error at file 'player.asm' line 1058: symbol 'CH_NOK' not defined
Error at file 'player.asm' line 1081: symbol 'CH_SMPS' not defined
Error at file 'player.asm' line 1122: symbol 'CH_NOAC' not defined
Error at file 'player.asm' line 1128: symbol 'NT_' not defined
Error at file 'player.asm' line 1130: symbol 'NT_' not defined
Error at file 'player.asm' line 1144: symbol 'CH_AMP' not defined
Error at file 'player.asm' line 1146: symbol 'CH_AMP' not defined
Error at file 'player.asm' line 1156: symbol 'CH_AMP' not defined
Error at file 'player.asm' line 1160: symbol 'CH_STPP' not defined
Error at file 'player.asm' line 1164: symbol 'CH_AMP' not defined
Error at file 'player.asm' line 1174: symbol 'CH_NOAM' not defined
Error at file 'player.asm' line 1176: symbol 'CH_AMIN' not defined
Error at file 'player.asm' line 1178: symbol 'CH_NOAM' not defined
Error at file 'player.asm' line 1180: symbol 'CH_SVAM' not defined
Error at file 'player.asm' line 1183: symbol 'CH_NOAM' not defined
Error at file 'player.asm' line 1192: symbol 'CH_APOS' not defined
Error at file 'player.asm' line 1196: symbol 'CH_VOL' not defined
Error at file 'player.asm' line 1200: symbol 'VT_' not defined
Error at file 'player.asm' line 1202: symbol 'VT_' not defined
Error at file 'player.asm' line 1208: symbol 'CH_NOEN' not defined
Error at file 'player.asm' line 1211: symbol 'Ampl' not defined
Error at file 'player.asm' line 1214: symbol 'NO_ENSL' not defined
Error at file 'player.asm' line 1222: symbol 'NO_ENAC' not defined
Error at file 'player.asm' line 1225: symbol 'AddToEn' not defined
Error at file 'player.asm' line 1228: symbol 'CH_MIX' not defined
Error at file 'player.asm' line 1232: symbol 'AddToNs' not defined
Error at file 'player.asm' line 1234: symbol 'CH_MIX' not defined
Error at file 'player.asm' line 1241: symbol 'AYREGS' not defined
Error at file 'player.asm' line 1241: symbol 'Mixer' not defined
Error at file 'player.asm' line 1255: symbol 'CH_ONDL' not defined
Error at file 'player.asm' line 1265: symbol 'AddToEn' not defined
Error at file 'player.asm' line 1266: symbol 'AYREGS' not defined
Error at file 'player.asm' line 1266: symbol 'Mixer' not defined
Error at file 'player.asm' line 1268: symbol 'AYREGS' not defined
Error at file 'player.asm' line 1268: symbol 'EnvTp' not defined
Error at file 'player.asm' line 1269: symbol 'DelyCnt' not defined
Error at file 'player.asm' line 1271: symbol 'PL2' not defined
Error at file 'player.asm' line 1274: symbol 'PL1B' not defined
Error at file 'player.asm' line 1280: symbol 'PL1A' not defined
Error at file 'player.asm' line 1282: symbol 'Ns_Base' not defined
Error at file 'player.asm' line 1289: symbol 'PLNLP' not defined
Error at file 'player.asm' line 1301: symbol 'CrPsPtr' not defined
Error at file 'player.asm' line 1325: symbol 'PSP_' not defined
Error at file 'player.asm' line 1333: symbol 'AdInPtB' not defined
Error at file 'player.asm' line 1336: symbol 'AdInPtC' not defined
Error at file 'player.asm' line 1340: symbol 'ChanA' not defined
Error at file 'player.asm' line 1341: symbol 'inc_ram_counter' not defined
Error at file 'player.asm' line 1342: symbol 'ram_counter_segprint' not defined
Error at file 'player.asm' line 1343: symbol 'PTDECOD' not defined
Error at file 'player.asm' line 1344: symbol 'AdInPtA' not defined
Error at file 'player.asm' line 1349: symbol 'PL1C' not defined
Error at file 'player.asm' line 1350: symbol 'ChanB' not defined
Error at file 'player.asm' line 1354: symbol 'PTDECOD' not defined
Error at file 'player.asm' line 1355: symbol 'AdInPtB' not defined
Error at file 'player.asm' line 1360: symbol 'PL1D' not defined
Error at file 'player.asm' line 1361: symbol 'ChanC' not defined
Error at file 'player.asm' line 1365: symbol 'PTDECOD' not defined
Error at file 'player.asm' line 1366: symbol 'AdInPtC' not defined
Error at file 'player.asm' line 1372: symbol 'DelyCnt' not defined
Error at file 'player.asm' line 1375: symbol 'ChanA' not defined
Error at file 'player.asm' line 1376: symbol 'AYREGS' not defined
Error at file 'player.asm' line 1376: symbol 'TonA' not defined
Error at file 'player.asm' line 1377: symbol 'CHREGS' not defined
Error at file 'player.asm' line 1378: symbol 'AYREGS' not defined
Error at file 'player.asm' line 1378: symbol 'TonA' not defined
Error at file 'player.asm' line 1379: symbol 'Ampl' not defined
Error at file 'player.asm' line 1380: symbol 'AYREGS' not defined
Error at file 'player.asm' line 1380: symbol 'AmplA' not defined
Error at file 'player.asm' line 1381: symbol 'ChanB' not defined
Error at file 'player.asm' line 1382: symbol 'AYREGS' not defined
Error at file 'player.asm' line 1382: symbol 'TonB' not defined
Error at file 'player.asm' line 1383: symbol 'CHREGS' not defined
Error at file 'player.asm' line 1384: symbol 'AYREGS' not defined
Error at file 'player.asm' line 1384: symbol 'TonB' not defined
Error at file 'player.asm' line 1385: symbol 'Ampl' not defined
Error at file 'player.asm' line 1386: symbol 'AYREGS' not defined
Error at file 'player.asm' line 1386: symbol 'AmplB' not defined
Error at file 'player.asm' line 1387: symbol 'ChanC' not defined
Error at file 'player.asm' line 1388: symbol 'AYREGS' not defined
Error at file 'player.asm' line 1388: symbol 'TonC' not defined
Error at file 'player.asm' line 1389: symbol 'CHREGS' not defined
Error at file 'player.asm' line 1390: symbol 'AYREGS' not defined
Error at file 'player.asm' line 1390: symbol 'TonC' not defined
Error at file 'player.asm' line 1392: symbol 'Ns_Base_AddToNs' not defined
Error at file 'player.asm' line 1395: symbol 'AYREGS' not defined
Error at file 'player.asm' line 1395: symbol 'Noise' not defined
Error at file 'player.asm' line 1404: symbol 'EnvBase' not defined
Error at file 'player.asm' line 1406: symbol 'CurESld' not defined
Error at file 'player.asm' line 1408: symbol 'AYREGS' not defined
Error at file 'player.asm' line 1408: symbol 'Env' not defined
Error at file 'player.asm' line 1411: symbol 'CurEDel' not defined
Error at file 'player.asm' line 1413: symbol 'ROUT' not defined
Error at file 'player.asm' line 1415: symbol 'ROUT' not defined
Error at file 'player.asm' line 1424: symbol 'CurESld' not defined
Error at file 'player.asm' line 1429: symbol 'AYREGS' not defined
Error at file 'player.asm' line 1437: symbol 'LOUT' not defined
Error at file 'player.asm' line 1448: symbol 'T_NEW_0' not defined
Error at file 'player.asm' line 1448: symbol 'T1_' not defined
Error at file 'player.asm' line 1449: symbol 'TCNEW_0' not defined
Error at file 'player.asm' line 1449: symbol 'T_' not defined
Error at file 'player.asm' line 1450: symbol 'T_OLD_0' not defined
Error at file 'player.asm' line 1450: symbol 'T1_' not defined
Error at file 'player.asm' line 1451: symbol 'TCOLD_0' not defined
Error at file 'player.asm' line 1451: symbol 'T_' not defined
Error at file 'player.asm' line 1452: symbol 'T_NEW_1' not defined
Error at file 'player.asm' line 1452: symbol 'T1_' not defined
Error at file 'player.asm' line 1453: symbol 'TCNEW_1' not defined
Error at file 'player.asm' line 1453: symbol 'T_' not defined
Error at file 'player.asm' line 1454: symbol 'T_OLD_1' not defined
Error at file 'player.asm' line 1454: symbol 'T1_' not defined
Error at file 'player.asm' line 1455: symbol 'TCOLD_1' not defined
Error at file 'player.asm' line 1455: symbol 'T_' not defined
Error at file 'player.asm' line 1456: symbol 'T_NEW_2' not defined
Error at file 'player.asm' line 1456: symbol 'T1_' not defined
Error at file 'player.asm' line 1457: symbol 'TCNEW_2' not defined
Error at file 'player.asm' line 1457: symbol 'T_' not defined
Error at file 'player.asm' line 1458: symbol 'T_OLD_2' not defined
Error at file 'player.asm' line 1458: symbol 'T1_' not defined
Error at file 'player.asm' line 1459: symbol 'TCOLD_2' not defined
Error at file 'player.asm' line 1459: symbol 'T_' not defined
Error at file 'player.asm' line 1460: symbol 'T_NEW_3' not defined
Error at file 'player.asm' line 1460: symbol 'T1_' not defined
Error at file 'player.asm' line 1461: symbol 'TCNEW_3' not defined
Error at file 'player.asm' line 1461: symbol 'T_' not defined
Error at file 'player.asm' line 1462: symbol 'T_OLD_3' not defined
Error at file 'player.asm' line 1462: symbol 'T1_' not defined
Error at file 'player.asm' line 1463: symbol 'TCOLD_3' not defined
Error at file 'player.asm' line 1463: symbol 'T_' not defined
Error at file 'player.asm' line 1676: symbol 'txbusy' not defined
Error at file 'player.asm' line 1710: symbol 'outer' not defined
